# JRE version: Java(TM) SE Runtime Environment (8.0_51-b16) (build 1.8.0_51-b16)
# Java VM: Java HotSpot(TM) 64-Bit Server VM (25.51-b03 mixed mode bsd-amd64 compressed oops)
Heap:
 PSYoungGen      total 287232K, used 85535K [0x0000000795580000, 0x00000007ac280000, 0x00000007c0000000)
  eden space 270336K, 25% used [0x0000000795580000,0x00000007998895e0,0x00000007a5d80000)
  from space 16896K, 99% used [0x00000007a5d80000,0x00000007a6dfea10,0x00000007a6e00000)
  to   space 20480K, 0% used [0x00000007aae80000,0x00000007aae80000,0x00000007ac280000)
 ParOldGen       total 103424K, used 31135K [0x0000000740000000, 0x0000000746500000, 0x0000000795580000)
  object space 103424K, 30% used [0x0000000740000000,0x0000000741e67e00,0x0000000746500000)
 Metaspace       used 49880K, capacity 50500K, committed 50776K, reserved 1093632K
  class space    used 6581K, capacity 6716K, committed 6744K, reserved 1048576K
GC Heap History (10 events):
Event: 3.920 GC heap before
{Heap before GC invocations=9 (full 1):
 PSYoungGen      total 142848K, used 141740K [0x0000000795580000, 0x00000007a3700000, 0x00000007c0000000)
  eden space 132608K, 100% used [0x0000000795580000,0x000000079d700000,0x000000079d700000)
  from space 10240K, 89% used [0x000000079d700000,0x000000079dfeb010,0x000000079e100000)
  to   space 10752K, 0% used [0x00000007a2c80000,0x00000007a2c80000,0x00000007a3700000)
 ParOldGen       total 59392K, used 9166K [0x0000000740000000, 0x0000000743a00000, 0x0000000795580000)
  object space 59392K, 15% used [0x0000000740000000,0x00000007408f38e0,0x0000000743a00000)
 Metaspace       used 28246K, capacity 28578K, committed 28928K, reserved 1075200K
  class space    used 3644K, capacity 3750K, committed 3840K, reserved 1048576K
Event: 3.935 GC heap after
Heap after GC invocations=9 (full 1):
 PSYoungGen      total 217088K, used 10751K [0x0000000795580000, 0x00000007a3b80000, 0x00000007c0000000)
  eden space 206336K, 0% used [0x0000000795580000,0x0000000795580000,0x00000007a1f00000)
  from space 10752K, 99% used [0x00000007a2c80000,0x00000007a36ffc78,0x00000007a3700000)
  to   space 13824K, 0% used [0x00000007a1f00000,0x00000007a1f00000,0x00000007a2c80000)
 ParOldGen       total 59392K, used 12552K [0x0000000740000000, 0x0000000743a00000, 0x0000000795580000)
  object space 59392K, 21% used [0x0000000740000000,0x0000000740c42340,0x0000000743a00000)
 Metaspace       used 28246K, capacity 28578K, committed 28928K, reserved 1075200K
  class space    used 3644K, capacity 3750K, committed 3840K, reserved 1048576K
}
Event: 4.681 GC heap before
{Heap before GC invocations=10 (full 1):
 PSYoungGen      total 217088K, used 96711K [0x0000000795580000, 0x00000007a3b80000, 0x00000007c0000000)
  eden space 206336K, 41% used [0x0000000795580000,0x000000079a972080,0x00000007a1f00000)
  from space 10752K, 99% used [0x00000007a2c80000,0x00000007a36ffc78,0x00000007a3700000)
  to   space 13824K, 0% used [0x00000007a1f00000,0x00000007a1f00000,0x00000007a2c80000)
 ParOldGen       total 59392K, used 12552K [0x0000000740000000, 0x0000000743a00000, 0x0000000795580000)
  object space 59392K, 21% used [0x0000000740000000,0x0000000740c42340,0x0000000743a00000)
 Metaspace       used 34986K, capacity 35346K, committed 35416K, reserved 1079296K
  class space    used 4551K, capacity 4638K, committed 4696K, reserved 1048576K
Event: 4.700 GC heap after
Heap after GC invocations=10 (full 1):
 PSYoungGen      total 220160K, used 13818K [0x0000000795580000, 0x00000007a8580000, 0x00000007c0000000)
  eden space 206336K, 0% used [0x0000000795580000,0x0000000795580000,0x00000007a1f00000)
  from space 13824K, 99% used [0x00000007a1f00000,0x00000007a2c7e978,0x00000007a2c80000)
  to   space 17408K, 0% used [0x00000007a7480000,0x00000007a7480000,0x00000007a8580000)
 ParOldGen       total 59392K, used 17600K [0x0000000740000000, 0x0000000743a00000, 0x0000000795580000)
  object space 59392K, 29% used [0x0000000740000000,0x00000007411302b8,0x0000000743a00000)
 Metaspace       used 34986K, capacity 35346K, committed 35416K, reserved 1079296K
  class space    used 4551K, capacity 4638K, committed 4696K, reserved 1048576K
}
Event: 4.700 GC heap before
{Heap before GC invocations=11 (full 2):
 PSYoungGen      total 220160K, used 13818K [0x0000000795580000, 0x00000007a8580000, 0x00000007c0000000)
  eden space 206336K, 0% used [0x0000000795580000,0x0000000795580000,0x00000007a1f00000)
  from space 13824K, 99% used [0x00000007a1f00000,0x00000007a2c7e978,0x00000007a2c80000)
  to   space 17408K, 0% used [0x00000007a7480000,0x00000007a7480000,0x00000007a8580000)
 ParOldGen       total 59392K, used 17600K [0x0000000740000000, 0x0000000743a00000, 0x0000000795580000)
  object space 59392K, 29% used [0x0000000740000000,0x00000007411302b8,0x0000000743a00000)
 Metaspace       used 34986K, capacity 35346K, committed 35416K, reserved 1079296K
  class space    used 4551K, capacity 4638K, committed 4696K, reserved 1048576K
Event: 4.794 GC heap after
Heap after GC invocations=11 (full 2):
 PSYoungGen      total 220160K, used 0K [0x0000000795580000, 0x00000007a8580000, 0x00000007c0000000)
  eden space 206336K, 0% used [0x0000000795580000,0x0000000795580000,0x00000007a1f00000)
  from space 13824K, 0% used [0x00000007a1f00000,0x00000007a1f00000,0x00000007a2c80000)
  to   space 17408K, 0% used [0x00000007a7480000,0x00000007a7480000,0x00000007a8580000)
 ParOldGen       total 103424K, used 26796K [0x0000000740000000, 0x0000000746500000, 0x0000000795580000)
  object space 103424K, 25% used [0x0000000740000000,0x0000000741a2b0d8,0x0000000746500000)
 Metaspace       used 34986K, capacity 35346K, committed 35416K, reserved 1079296K
  class space    used 4551K, capacity 4638K, committed 4696K, reserved 1048576K
}
Event: 6.089 GC heap before
{Heap before GC invocations=12 (full 2):
 PSYoungGen      total 220160K, used 206336K [0x0000000795580000, 0x00000007a8580000, 0x00000007c0000000)
  eden space 206336K, 100% used [0x0000000795580000,0x00000007a1f00000,0x00000007a1f00000)
  from space 13824K, 0% used [0x00000007a1f00000,0x00000007a1f00000,0x00000007a2c80000)
  to   space 17408K, 0% used [0x00000007a7480000,0x00000007a7480000,0x00000007a8580000)
 ParOldGen       total 103424K, used 26796K [0x0000000740000000, 0x0000000746500000, 0x0000000795580000)
  object space 103424K, 25% used [0x0000000740000000,0x0000000741a2b0d8,0x0000000746500000)
 Metaspace       used 38212K, capacity 38694K, committed 39000K, reserved 1083392K
  class space    used 4973K, capacity 5100K, committed 5208K, reserved 1048576K
Event: 6.101 GC heap after
Heap after GC invocations=12 (full 2):
 PSYoungGen      total 269312K, used 9814K [0x0000000795580000, 0x00000007a7e80000, 0x00000007c0000000)
  eden space 259072K, 0% used [0x0000000795580000,0x0000000795580000,0x00000007a5280000)
  from space 10240K, 95% used [0x00000007a7480000,0x00000007a7e15b18,0x00000007a7e80000)
  to   space 16896K, 0% used [0x00000007a5d80000,0x00000007a5d80000,0x00000007a6e00000)
 ParOldGen       total 103424K, used 26804K [0x0000000740000000, 0x0000000746500000, 0x0000000795580000)
  object space 103424K, 25% used [0x0000000740000000,0x0000000741a2d0d8,0x0000000746500000)
 Metaspace       used 38212K, capacity 38694K, committed 39000K, reserved 1083392K
  class space    used 4973K, capacity 5100K, committed 5208K, reserved 1048576K
}
Event: 8.181 GC heap before
{Heap before GC invocations=13 (full 2):
 PSYoungGen      total 269312K, used 268886K [0x0000000795580000, 0x00000007a7e80000, 0x00000007c0000000)
  eden space 259072K, 100% used [0x0000000795580000,0x00000007a5280000,0x00000007a5280000)
  from space 10240K, 95% used [0x00000007a7480000,0x00000007a7e15b18,0x00000007a7e80000)
  to   space 16896K, 0% used [0x00000007a5d80000,0x00000007a5d80000,0x00000007a6e00000)
 ParOldGen       total 103424K, used 26804K [0x0000000740000000, 0x0000000746500000, 0x0000000795580000)
  object space 103424K, 25% used [0x0000000740000000,0x0000000741a2d0d8,0x0000000746500000)
 Metaspace       used 46913K, capacity 47540K, committed 47832K, reserved 1091584K
  class space    used 6179K, capacity 6328K, committed 6360K, reserved 1048576K
Event: 8.266 GC heap after
Heap after GC invocations=13 (full 2):
 PSYoungGen      total 287232K, used 16890K [0x0000000795580000, 0x00000007ac280000, 0x00000007c0000000)
  eden space 270336K, 0% used [0x0000000795580000,0x0000000795580000,0x00000007a5d80000)
  from space 16896K, 99% used [0x00000007a5d80000,0x00000007a6dfea10,0x00000007a6e00000)
  to   space 20480K, 0% used [0x00000007aae80000,0x00000007aae80000,0x00000007ac280000)
 ParOldGen       total 103424K, used 31135K [0x0000000740000000, 0x0000000746500000, 0x0000000795580000)
  object space 103424K, 30% used [0x0000000740000000,0x0000000741e67e00,0x0000000746500000)
 Metaspace       used 46913K, capacity 47540K, committed 47832K, reserved 1091584K
  class space    used 6179K, capacity 6328K, committed 6360K, reserved 1048576K
}

