# JRE version: Java(TM) SE Runtime Environment (8.0_51-b16) (build 1.8.0_51-b16)
# Java VM: Java HotSpot(TM) 64-Bit Server VM (25.51-b03 mixed mode bsd-amd64 compressed oops)
Heap:
 PSYoungGen      total 244736K, used 59280K [0x0000000795580000, 0x00000007a9280000, 0x00000007c0000000)
  eden space 224256K, 26% used [0x0000000795580000,0x0000000798f643d8,0x00000007a3080000)
  from space 20480K, 0% used [0x00000007a3080000,0x00000007a3080000,0x00000007a4480000)
  to   space 24064K, 0% used [0x00000007a7b00000,0x00000007a7b00000,0x00000007a9280000)
 ParOldGen       total 144384K, used 35980K [0x0000000740000000, 0x0000000748d00000, 0x0000000795580000)
  object space 144384K, 24% used [0x0000000740000000,0x0000000742323238,0x0000000748d00000)
 Metaspace       used 60637K, capacity 61324K, committed 61784K, reserved 1103872K
  class space    used 7864K, capacity 8010K, committed 8064K, reserved 1048576K
GC Heap History (10 events):
Event: 8.977 GC heap before
{Heap before GC invocations=12 (full 2):
 PSYoungGen      total 157696K, used 144384K [0x0000000795580000, 0x00000007a2f00000, 0x00000007c0000000)
  eden space 144384K, 100% used [0x0000000795580000,0x000000079e280000,0x000000079e280000)
  from space 13312K, 0% used [0x000000079e280000,0x000000079e280000,0x000000079ef80000)
  to   space 16384K, 0% used [0x00000007a1f00000,0x00000007a1f00000,0x00000007a2f00000)
 ParOldGen       total 105472K, used 23501K [0x0000000740000000, 0x0000000746700000, 0x0000000795580000)
  object space 105472K, 22% used [0x0000000740000000,0x00000007416f3468,0x0000000746700000)
 Metaspace       used 41628K, capacity 42026K, committed 42368K, reserved 1085440K
  class space    used 5306K, capacity 5400K, committed 5504K, reserved 1048576K
Event: 8.995 GC heap after
Heap after GC invocations=12 (full 2):
 PSYoungGen      total 192000K, used 10486K [0x0000000795580000, 0x00000007a2980000, 0x00000007c0000000)
  eden space 181248K, 0% used [0x0000000795580000,0x0000000795580000,0x00000007a0680000)
  from space 10752K, 97% used [0x00000007a1f00000,0x00000007a293dac8,0x00000007a2980000)
  to   space 16384K, 0% used [0x00000007a0980000,0x00000007a0980000,0x00000007a1980000)
 ParOldGen       total 105472K, used 23509K [0x0000000740000000, 0x0000000746700000, 0x0000000795580000)
  object space 105472K, 22% used [0x0000000740000000,0x00000007416f5468,0x0000000746700000)
 Metaspace       used 41628K, capacity 42026K, committed 42368K, reserved 1085440K
  class space    used 5306K, capacity 5400K, committed 5504K, reserved 1048576K
}
Event: 10.818 GC heap before
{Heap before GC invocations=13 (full 2):
 PSYoungGen      total 192000K, used 191734K [0x0000000795580000, 0x00000007a2980000, 0x00000007c0000000)
  eden space 181248K, 100% used [0x0000000795580000,0x00000007a0680000,0x00000007a0680000)
  from space 10752K, 97% used [0x00000007a1f00000,0x00000007a293dac8,0x00000007a2980000)
  to   space 16384K, 0% used [0x00000007a0980000,0x00000007a0980000,0x00000007a1980000)
 ParOldGen       total 105472K, used 23509K [0x0000000740000000, 0x0000000746700000, 0x0000000795580000)
  object space 105472K, 22% used [0x0000000740000000,0x00000007416f5468,0x0000000746700000)
 Metaspace       used 44205K, capacity 44678K, committed 45056K, reserved 1089536K
  class space    used 5638K, capacity 5762K, committed 5888K, reserved 1048576K
Event: 10.845 GC heap after
Heap after GC invocations=13 (full 2):
 PSYoungGen      total 200704K, used 12666K [0x0000000795580000, 0x00000007a5580000, 0x00000007c0000000)
  eden space 184320K, 0% used [0x0000000795580000,0x0000000795580000,0x00000007a0980000)
  from space 16384K, 77% used [0x00000007a0980000,0x00000007a15dea98,0x00000007a1980000)
  to   space 17408K, 0% used [0x00000007a4480000,0x00000007a4480000,0x00000007a5580000)
 ParOldGen       total 105472K, used 23509K [0x0000000740000000, 0x0000000746700000, 0x0000000795580000)
  object space 105472K, 22% used [0x0000000740000000,0x00000007416f5468,0x0000000746700000)
 Metaspace       used 44205K, capacity 44678K, committed 45056K, reserved 1089536K
  class space    used 5638K, capacity 5762K, committed 5888K, reserved 1048576K
}
Event: 13.032 GC heap before
{Heap before GC invocations=14 (full 2):
 PSYoungGen      total 200704K, used 196986K [0x0000000795580000, 0x00000007a5580000, 0x00000007c0000000)
  eden space 184320K, 100% used [0x0000000795580000,0x00000007a0980000,0x00000007a0980000)
  from space 16384K, 77% used [0x00000007a0980000,0x00000007a15dea98,0x00000007a1980000)
  to   space 17408K, 0% used [0x00000007a4480000,0x00000007a4480000,0x00000007a5580000)
 ParOldGen       total 105472K, used 23509K [0x0000000740000000, 0x0000000746700000, 0x0000000795580000)
  object space 105472K, 22% used [0x0000000740000000,0x00000007416f5468,0x0000000746700000)
 Metaspace       used 50363K, capacity 50896K, committed 51200K, reserved 1093632K
  class space    used 6483K, capacity 6632K, committed 6656K, reserved 1048576K
Event: 13.078 GC heap after
Heap after GC invocations=14 (full 2):
 PSYoungGen      total 241664K, used 17378K [0x0000000795580000, 0x00000007a6180000, 0x00000007c0000000)
  eden space 224256K, 0% used [0x0000000795580000,0x0000000795580000,0x00000007a3080000)
  from space 17408K, 99% used [0x00000007a4480000,0x00000007a5578b90,0x00000007a5580000)
  to   space 20480K, 0% used [0x00000007a3080000,0x00000007a3080000,0x00000007a4480000)
 ParOldGen       total 105472K, used 26491K [0x0000000740000000, 0x0000000746700000, 0x0000000795580000)
  object space 105472K, 25% used [0x0000000740000000,0x00000007419def60,0x0000000746700000)
 Metaspace       used 50363K, capacity 50896K, committed 51200K, reserved 1093632K
  class space    used 6483K, capacity 6632K, committed 6656K, reserved 1048576K
}
Event: 31.661 GC heap before
{Heap before GC invocations=15 (full 2):
 PSYoungGen      total 241664K, used 186774K [0x0000000795580000, 0x00000007a6180000, 0x00000007c0000000)
  eden space 224256K, 75% used [0x0000000795580000,0x000000079faeceb0,0x00000007a3080000)
  from space 17408K, 99% used [0x00000007a4480000,0x00000007a5578b90,0x00000007a5580000)
  to   space 20480K, 0% used [0x00000007a3080000,0x00000007a3080000,0x00000007a4480000)
 ParOldGen       total 105472K, used 26491K [0x0000000740000000, 0x0000000746700000, 0x0000000795580000)
  object space 105472K, 25% used [0x0000000740000000,0x00000007419def60,0x0000000746700000)
 Metaspace       used 58188K, capacity 58740K, committed 59096K, reserved 1101824K
  class space    used 7542K, capacity 7674K, committed 7680K, reserved 1048576K
Event: 31.716 GC heap after
Heap after GC invocations=15 (full 2):
 PSYoungGen      total 244736K, used 20472K [0x0000000795580000, 0x00000007a9280000, 0x00000007c0000000)
  eden space 224256K, 0% used [0x0000000795580000,0x0000000795580000,0x00000007a3080000)
  from space 20480K, 99% used [0x00000007a3080000,0x00000007a447e318,0x00000007a4480000)
  to   space 24064K, 0% used [0x00000007a7b00000,0x00000007a7b00000,0x00000007a9280000)
 ParOldGen       total 105472K, used 27578K [0x0000000740000000, 0x0000000746700000, 0x0000000795580000)
  object space 105472K, 26% used [0x0000000740000000,0x0000000741aeeaa8,0x0000000746700000)
 Metaspace       used 58188K, capacity 58740K, committed 59096K, reserved 1101824K
  class space    used 7542K, capacity 7674K, committed 7680K, reserved 1048576K
}
Event: 31.716 GC heap before
{Heap before GC invocations=16 (full 3):
 PSYoungGen      total 244736K, used 20472K [0x0000000795580000, 0x00000007a9280000, 0x00000007c0000000)
  eden space 224256K, 0% used [0x0000000795580000,0x0000000795580000,0x00000007a3080000)
  from space 20480K, 99% used [0x00000007a3080000,0x00000007a447e318,0x00000007a4480000)
  to   space 24064K, 0% used [0x00000007a7b00000,0x00000007a7b00000,0x00000007a9280000)
 ParOldGen       total 105472K, used 27578K [0x0000000740000000, 0x0000000746700000, 0x0000000795580000)
  object space 105472K, 26% used [0x0000000740000000,0x0000000741aeeaa8,0x0000000746700000)
 Metaspace       used 58188K, capacity 58740K, committed 59096K, reserved 1101824K
  class space    used 7542K, capacity 7674K, committed 7680K, reserved 1048576K
Event: 31.925 GC heap after
Heap after GC invocations=16 (full 3):
 PSYoungGen      total 244736K, used 0K [0x0000000795580000, 0x00000007a9280000, 0x00000007c0000000)
  eden space 224256K, 0% used [0x0000000795580000,0x0000000795580000,0x00000007a3080000)
  from space 20480K, 0% used [0x00000007a3080000,0x00000007a3080000,0x00000007a4480000)
  to   space 24064K, 0% used [0x00000007a7b00000,0x00000007a7b00000,0x00000007a9280000)
 ParOldGen       total 144384K, used 35980K [0x0000000740000000, 0x0000000748d00000, 0x0000000795580000)
  object space 144384K, 24% used [0x0000000740000000,0x0000000742323238,0x0000000748d00000)
 Metaspace       used 58188K, capacity 58740K, committed 59096K, reserved 1101824K
  class space    used 7542K, capacity 7674K, committed 7680K, reserved 1048576K
}

