# JRE version: Java(TM) SE Runtime Environment (8.0_51-b16) (build 1.8.0_51-b16)
# Java VM: Java HotSpot(TM) 64-Bit Server VM (25.51-b03 mixed mode bsd-amd64 compressed oops)
Heap:
 PSYoungGen      total 421888K, used 80330K [0x0000000795580000, 0x00000007b1c80000, 0x00000007c0000000)
  eden space 397824K, 20% used [0x0000000795580000,0x000000079a3f2920,0x00000007ada00000)
  from space 24064K, 0% used [0x00000007af380000,0x00000007af380000,0x00000007b0b00000)
  to   space 26112K, 0% used [0x00000007ada00000,0x00000007ada00000,0x00000007af380000)
 ParOldGen       total 132608K, used 36011K [0x0000000740000000, 0x0000000748180000, 0x0000000795580000)
  object space 132608K, 27% used [0x0000000740000000,0x000000074232af18,0x0000000748180000)
 Metaspace       used 59728K, capacity 60410K, committed 60696K, reserved 1101824K
  class space    used 7747K, capacity 7913K, committed 7960K, reserved 1048576K
GC Heap History (10 events):
Event: 6.959 GC heap before
{Heap before GC invocations=9 (full 2):
 PSYoungGen      total 221696K, used 16370K [0x0000000795580000, 0x00000007ac600000, 0x00000007c0000000)
  eden space 205312K, 0% used [0x0000000795580000,0x0000000795580000,0x00000007a1e00000)
  from space 16384K, 99% used [0x00000007a1e00000,0x00000007a2dfcb38,0x00000007a2e00000)
  to   space 20480K, 0% used [0x00000007ab200000,0x00000007ab200000,0x00000007ac600000)
 ParOldGen       total 58368K, used 18854K [0x0000000740000000, 0x0000000743900000, 0x0000000795580000)
  object space 58368K, 32% used [0x0000000740000000,0x0000000741269af0,0x0000000743900000)
 Metaspace       used 34942K, capacity 35300K, committed 35496K, reserved 1081344K
  class space    used 4341K, capacity 4463K, committed 4480K, reserved 1048576K
Event: 7.074 GC heap after
Heap after GC invocations=9 (full 2):
 PSYoungGen      total 221696K, used 0K [0x0000000795580000, 0x00000007ac600000, 0x00000007c0000000)
  eden space 205312K, 0% used [0x0000000795580000,0x0000000795580000,0x00000007a1e00000)
  from space 16384K, 0% used [0x00000007a1e00000,0x00000007a1e00000,0x00000007a2e00000)
  to   space 20480K, 0% used [0x00000007ab200000,0x00000007ab200000,0x00000007ac600000)
 ParOldGen       total 98304K, used 23611K [0x0000000740000000, 0x0000000746000000, 0x0000000795580000)
  object space 98304K, 24% used [0x0000000740000000,0x000000074170ed88,0x0000000746000000)
 Metaspace       used 34942K, capacity 35300K, committed 35496K, reserved 1081344K
  class space    used 4341K, capacity 4463K, committed 4480K, reserved 1048576K
}
Event: 9.733 GC heap before
{Heap before GC invocations=10 (full 2):
 PSYoungGen      total 221696K, used 205312K [0x0000000795580000, 0x00000007ac600000, 0x00000007c0000000)
  eden space 205312K, 100% used [0x0000000795580000,0x00000007a1e00000,0x00000007a1e00000)
  from space 16384K, 0% used [0x00000007a1e00000,0x00000007a1e00000,0x00000007a2e00000)
  to   space 20480K, 0% used [0x00000007ab200000,0x00000007ab200000,0x00000007ac600000)
 ParOldGen       total 98304K, used 23611K [0x0000000740000000, 0x0000000746000000, 0x0000000795580000)
  object space 98304K, 24% used [0x0000000740000000,0x000000074170ed88,0x0000000746000000)
 Metaspace       used 42611K, capacity 43014K, committed 43520K, reserved 1087488K
  class space    used 5441K, capacity 5530K, committed 5632K, reserved 1048576K
Event: 9.757 GC heap after
Heap after GC invocations=10 (full 2):
 PSYoungGen      total 322560K, used 12897K [0x0000000795580000, 0x00000007abf00000, 0x00000007c0000000)
  eden space 309248K, 0% used [0x0000000795580000,0x0000000795580000,0x00000007a8380000)
  from space 13312K, 96% used [0x00000007ab200000,0x00000007abe987d0,0x00000007abf00000)
  to   space 20480K, 0% used [0x00000007a9700000,0x00000007a9700000,0x00000007aab00000)
 ParOldGen       total 98304K, used 23619K [0x0000000740000000, 0x0000000746000000, 0x0000000795580000)
  object space 98304K, 24% used [0x0000000740000000,0x0000000741710d88,0x0000000746000000)
 Metaspace       used 42611K, capacity 43014K, committed 43520K, reserved 1087488K
  class space    used 5441K, capacity 5530K, committed 5632K, reserved 1048576K
}
Event: 13.218 GC heap before
{Heap before GC invocations=11 (full 2):
 PSYoungGen      total 322560K, used 322145K [0x0000000795580000, 0x00000007abf00000, 0x00000007c0000000)
  eden space 309248K, 100% used [0x0000000795580000,0x00000007a8380000,0x00000007a8380000)
  from space 13312K, 96% used [0x00000007ab200000,0x00000007abe987d0,0x00000007abf00000)
  to   space 20480K, 0% used [0x00000007a9700000,0x00000007a9700000,0x00000007aab00000)
 ParOldGen       total 98304K, used 23619K [0x0000000740000000, 0x0000000746000000, 0x0000000795580000)
  object space 98304K, 24% used [0x0000000740000000,0x0000000741710d88,0x0000000746000000)
 Metaspace       used 50299K, capacity 50816K, committed 51200K, reserved 1093632K
  class space    used 6478K, capacity 6600K, committed 6656K, reserved 1048576K
Event: 13.265 GC heap after
Heap after GC invocations=11 (full 2):
 PSYoungGen      total 349696K, used 20454K [0x0000000795580000, 0x00000007b0b00000, 0x00000007c0000000)
  eden space 329216K, 0% used [0x0000000795580000,0x0000000795580000,0x00000007a9700000)
  from space 20480K, 99% used [0x00000007a9700000,0x00000007aaaf99a8,0x00000007aab00000)
  to   space 24064K, 0% used [0x00000007af380000,0x00000007af380000,0x00000007b0b00000)
 ParOldGen       total 98304K, used 24624K [0x0000000740000000, 0x0000000746000000, 0x0000000795580000)
  object space 98304K, 25% used [0x0000000740000000,0x000000074180c288,0x0000000746000000)
 Metaspace       used 50299K, capacity 50816K, committed 51200K, reserved 1093632K
  class space    used 6478K, capacity 6600K, committed 6656K, reserved 1048576K
}
Event: 31.989 GC heap before
{Heap before GC invocations=12 (full 2):
 PSYoungGen      total 349696K, used 194034K [0x0000000795580000, 0x00000007b0b00000, 0x00000007c0000000)
  eden space 329216K, 52% used [0x0000000795580000,0x000000079ff031c8,0x00000007a9700000)
  from space 20480K, 99% used [0x00000007a9700000,0x00000007aaaf99a8,0x00000007aab00000)
  to   space 24064K, 0% used [0x00000007af380000,0x00000007af380000,0x00000007b0b00000)
 ParOldGen       total 98304K, used 24624K [0x0000000740000000, 0x0000000746000000, 0x0000000795580000)
  object space 98304K, 25% used [0x0000000740000000,0x000000074180c288,0x0000000746000000)
 Metaspace       used 58204K, capacity 58784K, committed 59160K, reserved 1101824K
  class space    used 7555K, capacity 7682K, committed 7704K, reserved 1048576K
Event: 32.041 GC heap after
Heap after GC invocations=12 (full 2):
 PSYoungGen      total 421888K, used 21304K [0x0000000795580000, 0x00000007b1c80000, 0x00000007c0000000)
  eden space 397824K, 0% used [0x0000000795580000,0x0000000795580000,0x00000007ada00000)
  from space 24064K, 88% used [0x00000007af380000,0x00000007b084e318,0x00000007b0b00000)
  to   space 26112K, 0% used [0x00000007ada00000,0x00000007ada00000,0x00000007af380000)
 ParOldGen       total 98304K, used 24632K [0x0000000740000000, 0x0000000746000000, 0x0000000795580000)
  object space 98304K, 25% used [0x0000000740000000,0x000000074180e288,0x0000000746000000)
 Metaspace       used 58204K, capacity 58784K, committed 59160K, reserved 1101824K
  class space    used 7555K, capacity 7682K, committed 7704K, reserved 1048576K
}
Event: 32.041 GC heap before
{Heap before GC invocations=13 (full 3):
 PSYoungGen      total 421888K, used 21304K [0x0000000795580000, 0x00000007b1c80000, 0x00000007c0000000)
  eden space 397824K, 0% used [0x0000000795580000,0x0000000795580000,0x00000007ada00000)
  from space 24064K, 88% used [0x00000007af380000,0x00000007b084e318,0x00000007b0b00000)
  to   space 26112K, 0% used [0x00000007ada00000,0x00000007ada00000,0x00000007af380000)
 ParOldGen       total 98304K, used 24632K [0x0000000740000000, 0x0000000746000000, 0x0000000795580000)
  object space 98304K, 25% used [0x0000000740000000,0x000000074180e288,0x0000000746000000)
 Metaspace       used 58204K, capacity 58784K, committed 59160K, reserved 1101824K
  class space    used 7555K, capacity 7682K, committed 7704K, reserved 1048576K
Event: 32.259 GC heap after
Heap after GC invocations=13 (full 3):
 PSYoungGen      total 421888K, used 0K [0x0000000795580000, 0x00000007b1c80000, 0x00000007c0000000)
  eden space 397824K, 0% used [0x0000000795580000,0x0000000795580000,0x00000007ada00000)
  from space 24064K, 0% used [0x00000007af380000,0x00000007af380000,0x00000007b0b00000)
  to   space 26112K, 0% used [0x00000007ada00000,0x00000007ada00000,0x00000007af380000)
 ParOldGen       total 132608K, used 36011K [0x0000000740000000, 0x0000000748180000, 0x0000000795580000)
  object space 132608K, 27% used [0x0000000740000000,0x000000074232af18,0x0000000748180000)
 Metaspace       used 58204K, capacity 58784K, committed 59160K, reserved 1101824K
  class space    used 7555K, capacity 7682K, committed 7704K, reserved 1048576K
}

